#
# A fatal error has been detected by the Java Runtime Environment:
#
#  SIGSEGV (0xb) at pc=0x00007f57dd371401, pid=619, tid=1042
#
# JRE version: OpenJDK Runtime Environment (11.0.7+10) (build 11.0.7+10-post-Ubuntu-2ubuntu218.04)
# Java VM: OpenJDK 64-Bit Server VM (11.0.7+10-post-Ubuntu-2ubuntu218.04, mixed mode, sharing, tiered, compressed oops, g1 gc, linux-amd64)
# Problematic frame:
# C  [libjimage.so+0x2401]
#
# Core dump will be written. Default location: Core dumps may be processed with "/usr/share/apport/apport %p %s %c %d %P %E" (or dumping to /home/runner/CodigosPOO/Guia4-1/core.619)
#
# If you would like to submit a bug report, please visit:
#   https://bugs.launchpad.net/ubuntu/+source/openjdk-lts
#

---------------  S U M M A R Y ------------

Command Line: Calculo

Host: Intel(R) Xeon(R) CPU @ 2.30GHz, 4 cores, 2G, Ubuntu 18.04.4 LTS
Time: Tue May 19 19:46:23 2020 UTC elapsed time: 313 seconds (0d 0h 5m 13s)

---------------  T H R E A D  ---------------

Current thread (0x00007f5758001000):  JavaThread "XToolkt-Shutdown-Thread" [_thread_in_vm, id=1042, stack(0x00007f57d7eff000,0x00007f57d8000000)]

Stack: [0x00007f57d7eff000,0x00007f57d8000000],  sp=0x00007f57d7ffd060,  free space=1016k
Native frames: (J=compiled Java code, A=aot compiled Java code, j=interpreted, Vv=VM code, C=native code)
C  [libjimage.so+0x2401]
C  [libjimage.so+0x30ea]
C  [libjimage.so+0x35c6]  JIMAGE_FindResource+0xd6
V  [libjvm.so+0x59105e]
V  [libjvm.so+0x593dc0]
V  [libjvm.so+0xd503b5]
V  [libjvm.so+0xd4dd4a]
V  [libjvm.so+0xd50942]
V  [libjvm.so+0x646dd7]
V  [libjvm.so+0xa3bb7a]
V  [libjvm.so+0x843946]
V  [libjvm.so+0x84483d]
j  sun.awt.X11.XToolkit.lambda$init$0()V+0 java.desktop@11.0.7
j  sun.awt.X11.XToolkit$$Lambda$10.run()V+4 java.desktop@11.0.7
j  java.lang.Thread.run()V+11 java.base@11.0.7
v  ~StubRoutines::call_stub
V  [libjvm.so+0x84e319]
V  [libjvm.so+0x84c45d]
V  [libjvm.so+0x8f62ec]
V  [libjvm.so+0xd8918f]
V  [libjvm.so+0xd85acf]
V  [libjvm.so+0xbd59de]

Java frames: (J=compiled Java code, j=interpreted, Vv=VM code)
j  sun.awt.X11.XToolkit.lambda$init$0()V+0 java.desktop@11.0.7
j  sun.awt.X11.XToolkit$$Lambda$10.run()V+4 java.desktop@11.0.7
j  java.lang.Thread.run()V+11 java.base@11.0.7
v  ~StubRoutines::call_stub

siginfo: si_signo: 11 (SIGSEGV), si_code: 1 (SEGV_MAPERR), si_addr: 0x00007f57cf91fcf8

Register to memory mapping:

RAX=0x0000000000004b37 is an unknown value
RBX=0x00007f57d7ffd111 is pointing into the stack for thread: 0x00007f5758001000
RCX=0x00007f57cf90d01c is an unknown value
RDX=0x0000000000004b37 is an unknown value
RSP=0x00007f57d7ffd060 is pointing into the stack for thread: 0x00007f5758001000
RBP=0x00007f57d7ffd080 is pointing into the stack for thread: 0x00007f5758001000
RSI=0x00007f57d7ffd110 is pointing into the stack for thread: 0x00007f5758001000
RDI=0x00007f57dd574130: <offset 0x0000000000205130> in /usr/lib/jvm/java-11-openjdk-amd64/lib/libjimage.so at 0x00007f57dd36f000
R8 =0x0 is NULL
R9 =0x00000000ca0d71f0 is an unknown value
R10=0x00007f57d7ffd134 is pointing into the stack for thread: 0x00007f5758001000
R11=0x00007f57dfdf23fd: <offset 0x0000000000eb23fd> in /usr/lib/jvm/java-11-openjdk-amd64/lib/server/libjvm.so at 0x00007f57def40000
R12=0x00007f57d7ffd110 is pointing into the stack for thread: 0x00007f5758001000
R13=0x00000000000083ac is an unknown value
R14=0x00007f57d7ffe1a8 is pointing into the stack for thread: 0x00007f5758001000
R15=0x00007f579805d170 points into unknown readable memory: 73 75 6e 2f 61 77 74 2f


Registers:
RAX=0x0000000000004b37, RBX=0x00007f57d7ffd111, RCX=0x00007f57cf90d01c, RDX=0x0000000000004b37
RSP=0x00007f57d7ffd060, RBP=0x00007f57d7ffd080, RSI=0x00007f57d7ffd110, RDI=0x00007f57dd574130
R8 =0x0000000000000000, R9 =0x00000000ca0d71f0, R10=0x00007f57d7ffd134, R11=0x00007f57dfdf23fd
R12=0x00007f57d7ffd110, R13=0x00000000000083ac, R14=0x00007f57d7ffe1a8, R15=0x00007f579805d170
RIP=0x00007f57dd371401, EFLAGS=0x0000000000010246, CSGSFS=0x002b000000000033, ERR=0x0000000000000004
  TRAPNO=0x000000000000000e

Top of Stack: (sp=0x00007f57d7ffd060)
0x00007f57d7ffd060:   0000000000000000 00007f57d8022eb0
0x00007f57d7ffd070:   0000000000000000 00007f57d7ffd110
0x00007f57d7ffd080:   00007f57d7ffd0f0 00007f57dd3720ea
0x00007f57d7ffd090:   0000000000000000 0000000000000000 

Instructions: (pc=0x00007f57dd371401)
0x00007f57dd371301:   c5 4c 01 e3 48 89 ce e8 d3 f3 ff ff e9 69 fd ff
0x00007f57dd371311:   ff 89 d1 0f b7 74 08 fe 66 41 89 74 0e fe e9 7a
0x00007f57dd371321:   fe ff ff 0f 1f 40 00 8b 08 49 8d 1c 16 41 89 0e
0x00007f57dd371331:   89 d1 8b 74 08 fc 41 89 74 0e fc 48 8d 34 10 48
0x00007f57dd371341:   89 75 b8 e9 0b fe ff ff 0f 1f 80 00 00 00 00 0f
0x00007f57dd371351:   b6 17 55 89 f0 48 89 e5 84 d2 74 22 48 8d 4f 01
0x00007f57dd371361:   0f 1f 80 00 00 00 00 48 83 c1 01 0f b6 f2 0f b6
0x00007f57dd371371:   51 ff 69 c0 93 01 00 01 31 f0 84 d2 75 e9 25 ff
0x00007f57dd371381:   ff ff 7f 5d c3 66 2e 0f 1f 84 00 00 00 00 00 48
0x00007f57dd371391:   85 d2 0f 84 dd 00 00 00 85 c9 0f 84 d5 00 00 00
0x00007f57dd3713a1:   55 48 89 e5 41 55 41 54 53 48 8d 5e 01 48 83 ec
0x00007f57dd3713b1:   08 44 0f b6 06 45 84 c0 0f 84 a9 00 00 00 49 89
0x00007f57dd3713c1:   da b8 93 01 00 01 66 0f 1f 84 00 00 00 00 00 49
0x00007f57dd3713d1:   83 c2 01 44 69 c8 93 01 00 01 41 0f b6 c0 45 0f
0x00007f57dd3713e1:   b6 42 ff 44 31 c8 45 84 c0 75 e4 25 ff ff ff 7f
0x00007f57dd3713f1:   41 89 cd 48 89 d1 31 d2 41 f7 f5 49 89 f4 89 d0
0x00007f57dd371401:   8b 34 81 48 8b 07 ff 50 20 83 f8 00 7e 41 41 0f
0x00007f57dd371411:   b6 14 24 84 d2 74 1c 0f 1f 84 00 00 00 00 00 69
0x00007f57dd371421:   c0 93 01 00 01 48 83 c3 01 31 d0 0f b6 53 ff 84
0x00007f57dd371431:   d2 75 ec 25 ff ff ff 7f 31 d2 41 f7 f5 48 83 c4
0x00007f57dd371441:   08 89 d0 5b 41 5c 41 5d 5d c3 0f 1f 44 00 00 74
0x00007f57dd371451:   1d f7 d0 48 83 c4 08 89 c2 5b 89 d0 41 5c 41 5d
0x00007f57dd371461:   5d c3 0f 1f 44 00 00 b8 93 01 00 01 eb 82 ba ff
0x00007f57dd371471:   ff ff ff eb c8 83 ca ff 89 d0 c3 0f 1f 40 00 0f
0x00007f57dd371481:   b6 17 55 48 89 f8 48 89 e5 84 d2 75 15 eb 1a 38
0x00007f57dd371491:   ca 75 1c 48 83 c0 01 0f b6 10 48 83 c6 01 84 d2
0x00007f57dd3714a1:   74 07 0f b6 0e 84 c9 75 e6 5d c3 0f 1f 40 00 31
0x00007f57dd3714b1:   c0 5d c3 66 90 66 2e 0f 1f 84 00 00 00 00 00 55
0x00007f57dd3714c1:   48 85 f6 48 89 e5 74 57 0f 1f 80 00 00 00 00 0f
0x00007f57dd3714d1:   b6 06 84 c0 74 49 0f b6 d0 83 e0 07 c1 fa 03 44
0x00007f57dd3714e1:   8d 50 01 0f b6 c0 41 89 d1 48 8d 56 01 4c 8d 44
0x00007f57dd3714f1:   06 02 31 c0 0f 1f 00 0f b6 0a 48 c1 e0 08 48 83 


Stack slot to memory mapping:
stack at sp + 0 slots: 0x0 is NULL
stack at sp + 1 slots: 0x00007f57d8022eb0 points into unknown readable memory: 10 0f 3e d8 57 7f 00 00
stack at sp + 2 slots: 0x0 is NULL
stack at sp + 3 slots: 0x00007f57d7ffd110 is pointing into the stack for thread: 0x00007f5758001000
stack at sp + 4 slots: 0x00007f57d7ffd0f0 is pointing into the stack for thread: 0x00007f5758001000
stack at sp + 5 slots: 0x00007f57dd3720ea: <offset 0x00000000000030ea> in /usr/lib/jvm/java-11-openjdk-amd64/lib/libjimage.so at 0x00007f57dd36f000
stack at sp + 6 slots: 0x0 is NULL
stack at sp + 7 slots: 0x0 is NULL


---------------  P R O C E S S  ---------------

Threads class SMR info:
_java_thread_list=0x00007f5758002a00, length=16, elements={
0x00007f57d8092000, 0x00007f57d8094000, 0x00007f57d8099800, 0x00007f57d809b800,
0x00007f57d809e000, 0x00007f57d809f800, 0x00007f57d80ce800, 0x00007f57d80d3000,
0x00007f57d8217800, 0x00007f57d825d000, 0x00007f57d83d9800, 0x00007f57d83df800,
0x00007f5764005000, 0x00007f57d8016000, 0x00007f5794001000, 0x00007f5758001000
}

Java Threads: ( => current thread )
  0x00007f57d8092000 JavaThread "Reference Handler" daemon [_thread_blocked, id=627, stack(0x00007f57b13f9000,0x00007f57b14fa000)]
  0x00007f57d8094000 JavaThread "Finalizer" daemon [_thread_blocked, id=628, stack(0x00007f57b12f8000,0x00007f57b13f9000)]
  0x00007f57d8099800 JavaThread "Signal Dispatcher" daemon [_thread_blocked, id=629, stack(0x00007f57b105c000,0x00007f57b115d000)]
  0x00007f57d809b800 JavaThread "C2 CompilerThread0" daemon [_thread_blocked, id=630, stack(0x00007f57b0f5b000,0x00007f57b105c000)]
  0x00007f57d809e000 JavaThread "C1 CompilerThread0" daemon [_thread_blocked, id=631, stack(0x00007f57b0e5a000,0x00007f57b0f5b000)]
  0x00007f57d809f800 JavaThread "Sweeper thread" daemon [_thread_blocked, id=632, stack(0x00007f57b0d59000,0x00007f57b0e5a000)]
  0x00007f57d80ce800 JavaThread "Service Thread" daemon [_thread_blocked, id=633, stack(0x00007f57b0c58000,0x00007f57b0d59000)]
  0x00007f57d80d3000 JavaThread "Common-Cleaner" daemon [_thread_blocked, id=635, stack(0x00007f57b0a55000,0x00007f57b0b56000)]
  0x00007f57d8217800 JavaThread "Java2D Disposer" daemon [_thread_blocked, id=666, stack(0x00007f57804a5000,0x00007f57805a6000)]
  0x00007f57d825d000 JavaThread "AWT-XAWT" daemon [_thread_in_native, id=667, stack(0x00007f577aefd000,0x00007f577affe000)]
  0x00007f57d83d9800 JavaThread "TimerQueue" daemon [_thread_blocked, id=668, stack(0x00007f577adfc000,0x00007f577aefd000)]
  0x00007f57d83df800 JavaThread "AWT-Shutdown" [_thread_blocked, id=669, stack(0x00007f577acfb000,0x00007f577adfc000)]
  0x00007f5764005000 JavaThread "AWT-EventQueue-0" [_thread_blocked, id=670, stack(0x00007f577abfa000,0x00007f577acfb000)]
  0x00007f57d8016000 JavaThread "DestroyJavaVM" [_thread_blocked, id=620, stack(0x00007f57e10af000,0x00007f57e11b0000)]
  0x00007f5794001000 JavaThread "SIGINT handler" daemon [_thread_blocked, id=1041, stack(0x00007f577a9f7000,0x00007f577aaf8000)]
=>0x00007f5758001000 JavaThread "XToolkt-Shutdown-Thread" [_thread_in_vm, id=1042, stack(0x00007f57d7eff000,0x00007f57d8000000)]

Other Threads:
  0x00007f57d808f000 VMThread "VM Thread" [stack: 0x00007f57b14fc000,0x00007f57b15fc000] [id=626]
  0x00007f57d80d0800 WatcherThread [stack: 0x00007f57b0b58000,0x00007f57b0c58000] [id=634]
  0x00007f57d802e000 GCTaskThread "GC Thread#0" [stack: 0x00007f57dd099000,0x00007f57dd199000] [id=621]
  0x00007f57a8001000 GCTaskThread "GC Thread#1" [stack: 0x00007f577aafa000,0x00007f577abfa000] [id=671]
  0x00007f57d803e800 ConcurrentGCThread "G1 Main Marker" [stack: 0x00007f57dc295000,0x00007f57dc395000] [id=622]
  0x00007f57d8040800 ConcurrentGCThread "G1 Conc#0" [stack: 0x00007f57dc193000,0x00007f57dc293000] [id=623]
  0x00007f57d8063800 ConcurrentGCThread "G1 Refine#0" [stack: 0x00007f57b1f00000,0x00007f57b2000000] [id=624]
  0x00007f57d8065800 ConcurrentGCThread "G1 Young RemSet Sampling" [stack: 0x00007f57b1dfe000,0x00007f57b1efe000] [id=625]

Threads with active compile tasks:

VM state:not at safepoint (normal execution)

VM Mutex/Monitor currently owned by a thread: None

Heap address: 0x00000000e0000000, size: 512 MB, Compressed Oops mode: 32-bit
Narrow klass base: 0x0000000800000000, Narrow klass shift: 3
Compressed class space size: 1073741824 Address: 0x0000000840000000

Heap:
 garbage-first heap   total 34816K, used 3322K [0x00000000e0000000, 0x0000000100000000)
  region size 1024K, 2 young (2048K), 1 survivors (1024K)
 Metaspace       used 8722K, capacity 9228K, committed 9472K, reserved 1056768K
  class space    used 987K, capacity 1259K, committed 1280K, reserved 1048576K
Heap Regions: E=young(eden), S=young(survivor), O=old, HS=humongous(starts), HC=humongous(continues), CS=collection set, F=free, A=archive, TAMS=top-at-mark-start (previous, next)
|   0|0x00000000e0000000, 0x00000000e0100000, 0x00000000e0100000|100%| O|  |TAMS 0x00000000e0000000, 0x00000000e0000000| Untracked 
|   1|0x00000000e0100000, 0x00000000e019ce00, 0x00000000e0200000| 61%| O|  |TAMS 0x00000000e0100000, 0x00000000e0100000| Untracked 
|   2|0x00000000e0200000, 0x00000000e0200000, 0x00000000e0300000|  0%| F|  |TAMS 0x00000000e0200000, 0x00000000e0200000| Untracked 
|   3|0x00000000e0300000, 0x00000000e0300000, 0x00000000e0400000|  0%| F|  |TAMS 0x00000000e0300000, 0x00000000e0300000| Untracked 
|   4|0x00000000e0400000, 0x00000000e0400000, 0x00000000e0500000|  0%| F|  |TAMS 0x00000000e0400000, 0x00000000e0400000| Untracked 
|   5|0x00000000e0500000, 0x00000000e0500000, 0x00000000e0600000|  0%| F|  |TAMS 0x00000000e0500000, 0x00000000e0500000| Untracked 
|   6|0x00000000e0600000, 0x00000000e0600000, 0x00000000e0700000|  0%| F|  |TAMS 0x00000000e0600000, 0x00000000e0600000| Untracked 
|   7|0x00000000e0700000, 0x00000000e0700000, 0x00000000e0800000|  0%| F|  |TAMS 0x00000000e0700000, 0x00000000e0700000| Untracked 
|   8|0x00000000e0800000, 0x00000000e0800000, 0x00000000e0900000|  0%| F|  |TAMS 0x00000000e0800000, 0x00000000e0800000| Untracked 
|   9|0x00000000e0900000, 0x00000000e0900000, 0x00000000e0a00000|  0%| F|  |TAMS 0x00000000e0900000, 0x00000000e0900000| Untracked 
|  10|0x00000000e0a00000, 0x00000000e0a00000, 0x00000000e0b00000|  0%| F|  |TAMS 0x00000000e0a00000, 0x00000000e0a00000| Untracked 
|  11|0x00000000e0b00000, 0x00000000e0b00000, 0x00000000e0c00000|  0%| F|  |TAMS 0x00000000e0b00000, 0x00000000e0b00000| Untracked 
|  12|0x00000000e0c00000, 0x00000000e0c00000, 0x00000000e0d00000|  0%| F|  |TAMS 0x00000000e0c00000, 0x00000000e0c00000| Untracked 
|  13|0x00000000e0d00000, 0x00000000e0d00000, 0x00000000e0e00000|  0%| F|  |TAMS 0x00000000e0d00000, 0x00000000e0d00000| Untracked 
|  14|0x00000000e0e00000, 0x00000000e0e00000, 0x00000000e0f00000|  0%| F|  |TAMS 0x00000000e0e00000, 0x00000000e0e00000| Untracked 
|  15|0x00000000e0f00000, 0x00000000e0f00000, 0x00000000e1000000|  0%| F|  |TAMS 0x00000000e0f00000, 0x00000000e0f00000| Untracked 
|  16|0x00000000e1000000, 0x00000000e1000000, 0x00000000e1100000|  0%| F|  |TAMS 0x00000000e1000000, 0x00000000e1000000| Untracked 
|  17|0x00000000e1100000, 0x00000000e1100000, 0x00000000e1200000|  0%| F|  |TAMS 0x00000000e1100000, 0x00000000e1100000| Untracked 
|  18|0x00000000e1200000, 0x00000000e1200000, 0x00000000e1300000|  0%| F|  |TAMS 0x00000000e1200000, 0x00000000e1200000| Untracked 
|  19|0x00000000e1300000, 0x00000000e1300000, 0x00000000e1400000|  0%| F|  |TAMS 0x00000000e1300000, 0x00000000e1300000| Untracked 
|  20|0x00000000e1400000, 0x00000000e1400000, 0x00000000e1500000|  0%| F|  |TAMS 0x00000000e1400000, 0x00000000e1400000| Untracked 
|  21|0x00000000e1500000, 0x00000000e1500000, 0x00000000e1600000|  0%| F|  |TAMS 0x00000000e1500000, 0x00000000e1500000| Untracked 
|  22|0x00000000e1600000, 0x00000000e1600000, 0x00000000e1700000|  0%| F|  |TAMS 0x00000000e1600000, 0x00000000e1600000| Untracked 
|  23|0x00000000e1700000, 0x00000000e1700000, 0x00000000e1800000|  0%| F|  |TAMS 0x00000000e1700000, 0x00000000e1700000| Untracked 
|  24|0x00000000e1800000, 0x00000000e1800000, 0x00000000e1900000|  0%| F|  |TAMS 0x00000000e1800000, 0x00000000e1800000| Untracked 
|  25|0x00000000e1900000, 0x00000000e1900000, 0x00000000e1a00000|  0%| F|  |TAMS 0x00000000e1900000, 0x00000000e1900000| Untracked 
|  26|0x00000000e1a00000, 0x00000000e1af0a50, 0x00000000e1b00000| 94%| S|CS|TAMS 0x00000000e1a00000, 0x00000000e1a00000| Complete 
|  27|0x00000000e1b00000, 0x00000000e1b00000, 0x00000000e1c00000|  0%| F|  |TAMS 0x00000000e1b00000, 0x00000000e1b00000| Untracked 
|  28|0x00000000e1c00000, 0x00000000e1c00000, 0x00000000e1d00000|  0%| F|  |TAMS 0x00000000e1c00000, 0x00000000e1c00000| Untracked 
|  29|0x00000000e1d00000, 0x00000000e1d00000, 0x00000000e1e00000|  0%| F|  |TAMS 0x00000000e1d00000, 0x00000000e1d00000| Untracked 
|  30|0x00000000e1e00000, 0x00000000e1e00000, 0x00000000e1f00000|  0%| F|  |TAMS 0x00000000e1e00000, 0x00000000e1e00000| Untracked 
|  31|0x00000000e1f00000, 0x00000000e1f00800, 0x00000000e2000000|  0%| E|  |TAMS 0x00000000e1f00000, 0x00000000e1f00000| Complete 
| 510|0x00000000ffe00000, 0x00000000ffe47000, 0x00000000fff00000| 27%|OA|  |TAMS 0x00000000ffe00000, 0x00000000ffe00000| Untracked 
| 511|0x00000000fff00000, 0x00000000fff6a000, 0x0000000100000000| 41%|CA|  |TAMS 0x00000000fff00000, 0x00000000fff00000| Untracked 

Card table byte_map: [0x00007f57dcc95000,0x00007f57dcd95000] _byte_map_base: 0x00007f57dc595000

Marking Bits (Prev, Next): (CMBitMap*) 0x00007f57d803bc28, (CMBitMap*) 0x00007f57d803bc60
 Prev Bits: [0x00007f57dc395000, 0x00007f57dcb95000)
 Next Bits: [0x00007f57c010d000, 0x00007f57c090d000)

Polling page: 0x00007f57e11c9000

Metaspace:

Usage:
  Non-class:      7.78 MB capacity,     7.55 MB ( 97%) used,   182.61 KB (  2%) free+waste,    51.81 KB ( <1%) overhead. 
      Class:      1.23 MB capacity,   987.96 KB ( 78%) used,   241.60 KB ( 19%) free+waste,    29.44 KB (  2%) overhead. 
       Both:      9.01 MB capacity,     8.52 MB ( 95%) used,   424.21 KB (  5%) free+waste,    81.25 KB ( <1%) overhead. 

Virtual space:
  Non-class space:        8.00 MB reserved,       8.00 MB (100%) committed 
      Class space:        1.00 GB reserved,       1.25 MB ( <1%) committed 
             Both:        1.01 GB reserved,       9.25 MB ( <1%) committed 

Chunk freelists:
   Non-Class:  47.00 KB
       Class:  21.00 KB
        Both:  68.00 KB

MaxMetaspaceSize: unlimited
CompressedClassSpaceSize: 1.00 GB

CodeHeap 'non-profiled nmethods': size=120036Kb used=314Kb max_used=314Kb free=119721Kb
 bounds [0x00007f57c83d4000, 0x00007f57c8644000, 0x00007f57cf90d000]
CodeHeap 'profiled nmethods': size=120032Kb used=1535Kb max_used=1535Kb free=118496Kb
 bounds [0x00007f57c0e9c000, 0x00007f57c110c000, 0x00007f57c83d4000]
CodeHeap 'non-nmethods': size=5692Kb used=1232Kb max_used=1245Kb free=4459Kb
 bounds [0x00007f57c090d000, 0x00007f57c0b7d000, 0x00007f57c0e9c000]
 total_blobs=1722 nmethods=928 adapters=528
 compilation: enabled
              stopped_count=0, restarted_count=0
 full_count=0

Compilation events (20 events):
Event: 37.353 Thread 0x00007f57d809e000  917   !   3       sun.awt.X11.XToolkit::callTimeoutTasks (220 bytes)
Event: 37.355 Thread 0x00007f57d809e000 nmethod 917 0x00007f57c1014c10 code [0x00007f57c1015040, 0x00007f57c10173d8]
Event: 48.375 Thread 0x00007f57d809e000  918   !   3       sun.awt.X11.XToolkit::getNextTaskTime (55 bytes)
Event: 48.376 Thread 0x00007f57d809e000 nmethod 918 0x00007f57c1017c90 code [0x00007f57c1017f40, 0x00007f57c1018dc8]
Event: 80.556 Thread 0x00007f57d809e000  921       3       java.util.Objects::checkIndex (7 bytes)
Event: 80.557 Thread 0x00007f57d809e000 nmethod 921 0x00007f57c1019290 code [0x00007f57c10194a0, 0x00007f57c1019ba8]
Event: 80.557 Thread 0x00007f57d809e000  920       1       sun.awt.X11.XBaseWindow::getStateLock (5 bytes)
Event: 80.557 Thread 0x00007f57d809e000 nmethod 920 0x00007f57c8421c10 code [0x00007f57c8421dc0, 0x00007f57c8421ef0]
Event: 80.557 Thread 0x00007f57d809e000  922       1       sun.awt.X11.XBaseWindow::getX (5 bytes)
Event: 80.557 Thread 0x00007f57d809e000 nmethod 922 0x00007f57c8421f90 code [0x00007f57c8422140, 0x00007f57c8422270]
Event: 80.557 Thread 0x00007f57d809e000  923       1       sun.awt.X11.XBaseWindow::getY (5 bytes)
Event: 80.557 Thread 0x00007f57d809e000 nmethod 923 0x00007f57c8422310 code [0x00007f57c84224c0, 0x00007f57c84225f0]
Event: 80.562 Thread 0x00007f57d809e000  924       3       java.security.AccessControlContext::calculateFields (89 bytes)
Event: 80.563 Thread 0x00007f57d809e000 nmethod 924 0x00007f57c1019d90 code [0x00007f57c1019f80, 0x00007f57c101a438]
Event: 80.570 Thread 0x00007f57d809e000  925       3       java.awt.Component::getInputContext (16 bytes)
Event: 80.570 Thread 0x00007f57d809e000 nmethod 925 0x00007f57c101a590 code [0x00007f57c101a760, 0x00007f57c101aa08]
Event: 80.570 Thread 0x00007f57d809e000  926       3       java.awt.EventQueue::eventToCacheIndex (80 bytes)
Event: 80.571 Thread 0x00007f57d809e000 nmethod 926 0x00007f57c101ab10 code [0x00007f57c101ace0, 0x00007f57c101b2b0]
Event: 313.431 Thread 0x00007f57d809e000  928   !   3       java.lang.ref.ReferenceQueue::enqueue (119 bytes)
Event: 313.432 Thread 0x00007f57d809e000 nmethod 928 0x00007f57c101b390 code [0x00007f57c101b5a0, 0x00007f57c101bdc8]

GC Heap History (4 events):
Event: 6.752 GC heap before
{Heap before GC invocations=0 (full 0):
 garbage-first heap   total 34816K, used 7876K [0x00000000e0000000, 0x0000000100000000)
  region size 1024K, 7 young (7168K), 0 survivors (0K)
 Metaspace       used 7013K, capacity 7381K, committed 7680K, reserved 1056768K
  class space    used 775K, capacity 962K, committed 1024K, reserved 1048576K
}
Event: 6.776 GC heap after
{Heap after GC invocations=1 (full 0):
 garbage-first heap   total 34816K, used 2303K [0x00000000e0000000, 0x0000000100000000)
  region size 1024K, 1 young (1024K), 1 survivors (1024K)
 Metaspace       used 7013K, capacity 7381K, committed 7680K, reserved 1056768K
  class space    used 775K, capacity 962K, committed 1024K, reserved 1048576K
}
Event: 313.420 GC heap before
{Heap before GC invocations=1 (full 0):
 garbage-first heap   total 34816K, used 7423K [0x00000000e0000000, 0x0000000100000000)
  region size 1024K, 6 young (6144K), 1 survivors (1024K)
 Metaspace       used 8721K, capacity 9228K, committed 9472K, reserved 1056768K
  class space    used 987K, capacity 1259K, committed 1280K, reserved 1048576K
}
Event: 313.431 GC heap after
{Heap after GC invocations=2 (full 0):
 garbage-first heap   total 34816K, used 3322K [0x00000000e0000000, 0x0000000100000000)
  region size 1024K, 1 young (1024K), 1 survivors (1024K)
 Metaspace       used 8721K, capacity 9228K, committed 9472K, reserved 1056768K
  class space    used 987K, capacity 1259K, committed 1280K, reserved 1048576K
}

Deoptimization events (6 events):
Event: 6.801 Thread 0x00007f5764005000 DEOPT PACKING pc=0x00007f57c0efa5a9 sp=0x00007f577acf10e0
Event: 6.801 Thread 0x00007f5764005000 DEOPT UNPACKING pc=0x00007f57c093583a sp=0x00007f577acf0648 mode 0
Event: 6.958 Thread 0x00007f5764005000 Uncommon trap: trap_request=0xffffffcc fr.pc=0x00007f57c8413300 relative=0x00000000000002c0
Event: 6.958 Thread 0x00007f5764005000 Uncommon trap: reason=intrinsic_or_type_checked_inlining action=make_not_entrant pc=0x00007f57c8413300 method=java.util.Arrays.copyOf([Ljava/lang/Object;ILjava/lang/Class;)[Ljava/lang/Object; @ 35 c2
Event: 6.958 Thread 0x00007f5764005000 DEOPT PACKING pc=0x00007f57c8413300 sp=0x00007f577acf48f0
Event: 6.958 Thread 0x00007f5764005000 DEOPT UNPACKING pc=0x00007f57c0935a25 sp=0x00007f577acf4898 mode 2

Classes redefined (0 events):
No events

Internal exceptions (20 events):
Event: 6.287 Thread 0x00007f57d8016000 Exception <a 'java/lang/NoSuchMethodError'{0x00000000e1c7c150}: 'void java.lang.invoke.DirectMethodHandle$Holder.invokeSpecial(java.lang.Object, java.lang.Object)'> (0x00000000e1c7c150) thrown at [./src/hotspot/share/interpreter/linkResolver.cpp, line 773]
Event: 6.375 Thread 0x00007f57d8016000 Exception <a 'java/lang/NoSuchMethodError'{0x00000000e1b66c20}: 'java.lang.Object java.lang.invoke.DirectMethodHandle$Holder.invokeStatic(java.lang.Object, int, java.lang.Object, java.lang.Object, java.lang.Object, java.lang.Object)'> (0x00000000e1b66c20) thrown at [./src/hotspot/share/interpreter/linkResolver.cpp, line 773]
Event: 6.376 Thread 0x00007f57d8016000 Exception <a 'java/lang/NoSuchMethodError'{0x00000000e1b6df40}: 'java.lang.Object java.lang.invoke.DirectMethodHandle$Holder.invokeStatic(java.lang.Object, int, java.lang.Object, java.lang.Object, java.lang.Object)'> (0x00000000e1b6df40) thrown at [./src/hotspot/share/interpreter/linkResolver.cpp, line 773]
Event: 6.376 Thread 0x00007f57d8016000 Exception <a 'java/lang/NoSuchMethodError'{0x00000000e1b71a88}: 'java.lang.Object java.lang.invoke.DirectMethodHandle$Holder.invokeSpecial(java.lang.Object, java.lang.Object, int, java.lang.Object, java.lang.Object, java.lang.Object)'> (0x00000000e1b71a88) thrown at [./src/hotspot/share/interpreter/linkResolver.cpp, line 773]
Event: 6.380 Thread 0x00007f57d8016000 Exception <a 'java/lang/NoSuchMethodError'{0x00000000e1b89338}: 'java.lang.Object java.lang.invoke.DirectMethodHandle$Holder.invokeStatic(java.lang.Object, int, java.lang.Object)'> (0x00000000e1b89338) thrown at [./src/hotspot/share/interpreter/linkResolver.cpp, line 773]
Event: 6.476 Thread 0x00007f57d8016000 Exception <a 'java/lang/NoSuchMethodError'{0x00000000e1a7bad0}: 'java.lang.Object java.lang.invoke.Invokers$Holder.linkToTargetMethod(java.lang.Object, int, java.lang.Object)'> (0x00000000e1a7bad0) thrown at [./src/hotspot/share/interpreter/linkResolver.cpp, line 773]
Event: 6.488 Thread 0x00007f57d8016000 Exception <a 'java/lang/ClassNotFoundException'{0x00000000e1a83bd0}: com/sun/swing/internal/plaf/metal/resources/spi/metalProvider> (0x00000000e1a83bd0) thrown at [./src/hotspot/share/classfile/systemDictionary.cpp, line 231]
Event: 6.492 Thread 0x00007f57d8016000 Exception <a 'java/lang/ClassNotFoundException'{0x00000000e1a87b68}: com/sun/swing/internal/plaf/basic/resources/spi/basicProvider> (0x00000000e1a87b68) thrown at [./src/hotspot/share/classfile/systemDictionary.cpp, line 231]
Event: 6.574 Thread 0x00007f57d8016000 Exception <a 'java/lang/NoSuchMethodError'{0x00000000e1904b90}: 'void java.lang.invoke.DirectMethodHandle$Holder.invokeStaticInit(java.lang.Object)'> (0x00000000e1904b90) thrown at [./src/hotspot/share/interpreter/linkResolver.cpp, line 773]
Event: 6.588 Thread 0x00007f57d8016000 Exception <a 'java/lang/NoSuchMethodError'{0x00000000e1941348}: 'java.lang.Object java.lang.invoke.DirectMethodHandle$Holder.invokeStatic(java.lang.Object, java.lang.Object, java.lang.Object, java.lang.Object, java.lang.Object, java.lang.Object, java.lang.Object, java.lang.Object, java.lang.Object, java.lang.Object, java.lang.Object, java.lang.Object, java.lang.Object, int)'> (0x00000000e1941348) thrown at [./src/hotspot/share/interpreter/linkResolver.cpp, line 773]
Event: 6.590 Thread 0x00007f57d8016000 Exception <a 'java/lang/NoSuchMethodError'{0x00000000e194df98}: 'java.lang.Object java.lang.invoke.DirectMethodHandle$Holder.invokeStatic(java.lang.Object, java.lang.Object, java.lang.Object, java.lang.Object, java.lang.Object, java.lang.Object, java.lang.Object, java.lang.Object, java.lang.Object, java.lang.Object, java.lang.Object, java.lang.Object, java.lang.Object, int, int)'> (0x00000000e194df98) thrown at [./src/hotspot/share/interpreter/linkResolver.cpp, line 773]
Event: 6.802 Thread 0x00007f5764005000 Exception <a 'java/lang/NoSuchMethodError'{0x00000000e1fb7160}: 'java.lang.Object java.lang.invoke.DirectMethodHandle$Holder.invokeSpecial(java.lang.Object, java.lang.Object, int, int, java.lang.Object, java.lang.Object, java.lang.Object, java.lang.Object, java.lang.Object)'> (0x00000000e1fb7160) thrown at [./src/hotspot/share/interpreter/linkResolver.cpp, line 773]
Event: 6.802 Thread 0x00007f5764005000 Exception <a 'java/lang/NoSuchMethodError'{0x00000000e1fbadf0}: 'java.lang.Object java.lang.invoke.DelegatingMethodHandle$Holder.reinvoke_L(java.lang.Object, int, int, java.lang.Object, java.lang.Object, java.lang.Object, java.lang.Object, java.lang.Object)'> (0x00000000e1fbadf0) thrown at [./src/hotspot/share/interpreter/linkResolver.cpp, line 773]
Event: 6.817 Thread 0x00007f5764005000 Exception <a 'java/lang/NoSuchMethodError'{0x00000000e1e5dde0}: 'java.lang.Object java.lang.invoke.Invokers$Holder.linkToTargetMethod(java.lang.Object, java.lang.Object, java.lang.Object, java.lang.Object, java.lang.Object, java.lang.Object)'> (0x00000000e1e5dde0) thrown at [./src/hotspot/share/interpreter/linkResolver.cpp, line 773]
Event: 6.824 Thread 0x00007f5764005000 Exception <a 'java/lang/NoSuchMethodError'{0x00000000e1ecadd8}: 'java.lang.Object java.lang.invoke.DirectMethodHandle$Holder.invokeSpecial(java.lang.Object, java.lang.Object, int, int, java.lang.Object, java.lang.Object, java.lang.Object, java.lang.Object)'> (0x00000000e1ecadd8) thrown at [./src/hotspot/share/interpreter/linkResolver.cpp, line 773]
Event: 6.824 Thread 0x00007f5764005000 Exception <a 'java/lang/NoSuchMethodError'{0x00000000e1ece7b8}: 'java.lang.Object java.lang.invoke.DelegatingMethodHandle$Holder.reinvoke_L(java.lang.Object, int, int, java.lang.Object, java.lang.Object, java.lang.Object, java.lang.Object)'> (0x00000000e1ece7b8) thrown at [./src/hotspot/share/interpreter/linkResolver.cpp, line 773]
Event: 6.959 Thread 0x00007f5764005000 Exception <a 'java/lang/NoSuchMethodError'{0x00000000e1ce5f98}: 'java.lang.Object java.lang.invoke.DirectMethodHandle$Holder.invokeStatic(java.lang.Object, java.lang.Object, java.lang.Object, java.lang.Object, java.lang.Object, java.lang.Object, java.lang.Object, java.lang.Object, java.lang.Object, java.lang.Object, java.lang.Object, int)'> (0x00000000e1ce5f98) thrown at [./src/hotspot/share/interpreter/linkResolver.cpp, line 773]
Event: 6.962 Thread 0x00007f5764005000 Exception <a 'java/lang/NoSuchMethodError'{0x00000000e1b04628}: 'java.lang.Object java.lang.invoke.DirectMethodHandle$Holder.invokeStatic(java.lang.Object, java.lang.Object, java.lang.Object, java.lang.Object, java.lang.Object, java.lang.Object, java.lang.Object, java.lang.Object, java.lang.Object, java.lang.Object, java.lang.Object, int, int)'> (0x00000000e1b04628) thrown at [./src/hotspot/share/interpreter/linkResolver.cpp, line 773]
Event: 6.964 Thread 0x00007f5764005000 Exception <a 'java/lang/NoSuchMethodError'{0x00000000e1b230b0}: 'java.lang.Object java.lang.invoke.DirectMethodHandle$Holder.invokeStatic(java.lang.Object, java.lang.Object, java.lang.Object, java.lang.Object, java.lang.Object, java.lang.Object, java.lang.Object, java.lang.Object, java.lang.Object, java.lang.Object, java.lang.Object, int, int, java.lang.Object)'> (0x00000000e1b230b0) thrown at [./src/hotspot/share/interpreter/linkResolver.cpp, line 773]
Event: 6.966 Thread 0x00007f5764005000 Exception <a 'java/lang/NoSuchMethodError'{0x00000000e1b433e8}: 'java.lang.Object java.lang.invoke.DirectMethodHandle$Holder.invokeStatic(java.lang.Object, java.lang.Object, java.lang.Object, java.lang.Object, java.lang.Object, java.lang.Object, java.lang.Object, java.lang.Object, java.lang.Object, java.lang.Object, java.lang.Object, int, int, java.lang.Object, java.lang.Object)'> (0x00000000e1b433e8) thrown at [./src/hotspot/share/interpreter/linkResolver.cpp, line 773]

Events (20 events):
Event: 7.053 loading class java/text/CharacterIterator done
Event: 7.053 loading class java/text/AttributedCharacterIterator done
Event: 7.053 loading class java/text/AttributedString$AttributedStringIterator done
Event: 10.183 loading class sun/awt/X11/XMotionEvent
Event: 10.183 loading class sun/awt/X11/XMotionEvent done
Event: 10.383 Loaded shared library /usr/lib/jvm/java-11-openjdk-amd64/lib/libawt_xawt.so